2023-05-23 01:11:18,800 -:- DEBUG -:- bot -:- ÀÓ„„Â ËÌËˆË‡ÎËÁËÓ‚‡Ì
2023-05-23 01:11:39,910 -:- INFO -:- bot.data.commands.setter -:- 5928020050  ÎËÂÌÚ ‰Ó·‡‚ÎˇÂÚÒˇ ‚ ¡ƒ
2023-05-23 01:11:43,104 -:- INFO -:- bot.data.commands.setter -:- 5928020050  ÎËÂÌÚ ÓÙÓÏÎˇÂÚ œÓÏÓ ÔÓ‰ÔËÒÍÛ
2023-05-23 14:46:32,118 -:- DEBUG -:- bot -:- ÀÓ„„Â ËÌËˆË‡ÎËÁËÓ‚‡Ì
2023-05-28 23:28:15,643 -:- DEBUG -:- bot -:- –õ–æ–≥–≥–µ—Ä –∏–Ω–∏—Ü–∏–∞–ª–∏–∑–∏—Ä–æ–≤–∞–Ω
2023-05-30 12:23:26,298 -:- INFO -:- bot.data.commands.setter -:- 84327932 –ö–ª–∏–µ–Ω—Ç –¥–æ–±–∞–≤–ª—è–µ—Ç vk token
2023-05-30 12:24:43,975 -:- INFO -:- bot.data.commands.setter -:- 84327932 –ö–ª–∏–µ–Ω—Ç –¥–æ–±–∞–≤–ª—è–µ—Ç —Å–≤—è–∑—å TG –∫–∞–Ω–∞–ª –∏ VK –≥—Ä—É–ø–ø—É
2023-05-30 12:30:28,332 -:- INFO -:- bot.data.commands.setter -:- 84327932 –ö–ª–∏–µ–Ω—Ç –¥–æ–±–∞–≤–ª—è–µ—Ç —Å–≤—è–∑—å TG –∫–∞–Ω–∞–ª –∏ VK –≥—Ä—É–ø–ø—É
2023-05-30 12:34:14,834 -:- INFO -:- bot.data.commands.setter -:- 84327932 –ö–ª–∏–µ–Ω—Ç –¥–æ–±–∞–≤–ª—è–µ—Ç —Å–≤—è–∑—å TG –∫–∞–Ω–∞–ª –∏ VK –≥—Ä—É–ø–ø—É
2023-05-30 12:38:54,575 -:- INFO -:- bot.data.commands.setter -:- 84327932 –ö–ª–∏–µ–Ω—Ç –¥–æ–±–∞–≤–ª—è–µ—Ç —Å–≤—è–∑—å TG –∫–∞–Ω–∞–ª –∏ VK –≥—Ä—É–ø–ø—É
2023-05-30 12:39:48,212 -:- INFO -:- bot.data.commands.setter -:- 84327932 –ö–ª–∏–µ–Ω—Ç –¥–æ–±–∞–≤–ª—è–µ—Ç —Å–≤—è–∑—å TG –∫–∞–Ω–∞–ª –∏ VK –≥—Ä—É–ø–ø—É
2023-05-30 12:44:24,362 -:- INFO -:- bot.data.commands.setter -:- 84327932 –ö–ª–∏–µ–Ω—Ç –¥–æ–±–∞–≤–ª—è–µ—Ç —Å–≤—è–∑—å TG –∫–∞–Ω–∞–ª –∏ VK –≥—Ä—É–ø–ø—É
2023-05-30 12:49:44,703 -:- INFO -:- bot.data.commands.setter -:- 84327932 –ö–ª–∏–µ–Ω—Ç –¥–æ–±–∞–≤–ª—è–µ—Ç —Å–≤—è–∑—å TG –∫–∞–Ω–∞–ª –∏ VK –≥—Ä—É–ø–ø—É
2023-05-30 12:51:57,876 -:- INFO -:- bot.data.commands.setter -:- 84327932 –ö–ª–∏–µ–Ω—Ç –¥–æ–±–∞–≤–ª—è–µ—Ç —Å–≤—è–∑—å TG –∫–∞–Ω–∞–ª –∏ VK –≥—Ä—É–ø–ø—É
2023-05-30 13:08:25,981 -:- INFO -:- bot.data.commands.setter -:- 84327932 –ö–ª–∏–µ–Ω—Ç –¥–æ–±–∞–≤–ª—è–µ—Ç —Å–≤—è–∑—å TG –∫–∞–Ω–∞–ª –∏ VK –≥—Ä—É–ø–ø—É
2023-05-31 12:13:51,887 -:- DEBUG -:- bot -:- –õ–æ–≥–≥–µ—Ä –∏–Ω–∏—Ü–∏–∞–ª–∏–∑–∏—Ä–æ–≤–∞–Ω
2023-05-31 12:14:06,423 -:- DEBUG -:- bot -:- –õ–æ–≥–≥–µ—Ä –∏–Ω–∏—Ü–∏–∞–ª–∏–∑–∏—Ä–æ–≤–∞–Ω
2023-05-31 12:14:19,181 -:- DEBUG -:- bot -:- –õ–æ–≥–≥–µ—Ä –∏–Ω–∏—Ü–∏–∞–ª–∏–∑–∏—Ä–æ–≤–∞–Ω
2023-05-31 12:14:55,817 -:- DEBUG -:- bot -:- –õ–æ–≥–≥–µ—Ä –∏–Ω–∏—Ü–∏–∞–ª–∏–∑–∏—Ä–æ–≤–∞–Ω
2023-05-31 12:15:05,467 -:- DEBUG -:- bot -:- –õ–æ–≥–≥–µ—Ä –∏–Ω–∏—Ü–∏–∞–ª–∏–∑–∏—Ä–æ–≤–∞–Ω
2023-05-31 12:18:59,135 -:- DEBUG -:- bot -:- –õ–æ–≥–≥–µ—Ä –∏–Ω–∏—Ü–∏–∞–ª–∏–∑–∏—Ä–æ–≤–∞–Ω
2023-06-01 22:47:19,258 -:- DEBUG -:- bot -:- –õ–æ–≥–≥–µ—Ä –∏–Ω–∏—Ü–∏–∞–ª–∏–∑–∏—Ä–æ–≤–∞–Ω
2023-06-02 10:09:06,224 -:- DEBUG -:- bot -:- –õ–æ–≥–≥–µ—Ä –∏–Ω–∏—Ü–∏–∞–ª–∏–∑–∏—Ä–æ–≤–∞–Ω
2023-06-02 10:28:54,409 -:- DEBUG -:- bot -:- –õ–æ–≥–≥–µ—Ä –∏–Ω–∏—Ü–∏–∞–ª–∏–∑–∏—Ä–æ–≤–∞–Ω
2023-06-02 10:36:54,595 -:- INFO -:- bot.data.commands.setter -:- 351490585 –ö–ª–∏–µ–Ω—Ç –æ—Ñ–æ—Ä–º–ª—è–µ—Ç –ü—Ä–æ–º–æ –ø–æ–¥–ø–∏—Å–∫—É
2023-06-02 11:52:17,393 -:- INFO -:- bot.data.commands.setter -:- 5606827852 –ö–ª–∏–µ–Ω—Ç –¥–æ–±–∞–≤–ª—è–µ—Ç—Å—è –≤ –ë–î
2023-06-05 00:25:34,257 -:- INFO -:- bot.data.commands.setter -:- 351490585 –ê–¥–º–∏–Ω –¥–æ–±–∞–≤–ª—è–µ—Ç—Å—è –≤ –ë–î
2023-06-05 00:28:29,284 -:- DEBUG -:- bot -:- –õ–æ–≥–≥–µ—Ä –∏–Ω–∏—Ü–∏–∞–ª–∏–∑–∏—Ä–æ–≤–∞–Ω
2023-06-05 10:17:59,520 -:- INFO -:- bot.data.commands.setter -:- 5477049309 –ö–ª–∏–µ–Ω—Ç –¥–æ–±–∞–≤–ª—è–µ—Ç—Å—è –≤ –ë–î
2023-06-06 07:42:02,470 -:- INFO -:- bot.data.commands.setter -:- 1044293612 –ö–ª–∏–µ–Ω—Ç –¥–æ–±–∞–≤–ª—è–µ—Ç—Å—è –≤ –ë–î
2023-06-06 07:43:04,230 -:- INFO -:- bot.data.commands.setter -:- 1044293612 –ö–ª–∏–µ–Ω—Ç –æ—Ñ–æ—Ä–º–ª—è–µ—Ç –ü—Ä–æ–º–æ –ø–æ–¥–ø–∏—Å–∫—É
2023-06-06 07:46:51,519 -:- INFO -:- bot.data.commands.setter -:- 1044293612 –ö–ª–∏–µ–Ω—Ç –¥–æ–±–∞–≤–ª—è–µ—Ç vk token
2023-06-06 07:49:09,440 -:- INFO -:- bot.data.commands.setter -:- 1044293612 –ö–ª–∏–µ–Ω—Ç –¥–æ–±–∞–≤–ª—è–µ—Ç —Å–≤—è–∑—å TG –∫–∞–Ω–∞–ª –∏ VK –≥—Ä—É–ø–ø—É
2023-06-06 10:50:31,344 -:- INFO -:- bot.data.commands.setter -:- 129506280 –ö–ª–∏–µ–Ω—Ç –¥–æ–±–∞–≤–ª—è–µ—Ç—Å—è –≤ –ë–î
2023-06-06 13:52:27,518 -:- INFO -:- bot.data.commands.setter -:- 422763991 –ö–ª–∏–µ–Ω—Ç –¥–æ–±–∞–≤–ª—è–µ—Ç—Å—è –≤ –ë–î
2023-06-06 16:15:29,556 -:- INFO -:- bot.data.commands.setter -:- 283590966 –ö–ª–∏–µ–Ω—Ç –¥–æ–±–∞–≤–ª—è–µ—Ç—Å—è –≤ –ë–î
2023-06-06 20:54:13,074 -:- INFO -:- bot.data.commands.setter -:- 569115418 –ö–ª–∏–µ–Ω—Ç –¥–æ–±–∞–≤–ª—è–µ—Ç—Å—è –≤ –ë–î
2023-06-08 14:35:58,913 -:- INFO -:- bot.data.commands.setter -:- 470023159 –ö–ª–∏–µ–Ω—Ç –¥–æ–±–∞–≤–ª—è–µ—Ç—Å—è –≤ –ë–î
2023-06-09 00:18:43,947 -:- INFO -:- bot.data.commands.setter -:- 5915798561 –ö–ª–∏–µ–Ω—Ç –¥–æ–±–∞–≤–ª—è–µ—Ç—Å—è –≤ –ë–î
2023-06-09 00:19:20,224 -:- INFO -:- bot.data.commands.setter -:- 5915798561 –ö–ª–∏–µ–Ω—Ç –æ—Ñ–æ—Ä–º–ª—è–µ—Ç –ü—Ä–æ–º–æ –ø–æ–¥–ø–∏—Å–∫—É
2023-06-09 00:35:12,137 -:- INFO -:- bot.data.commands.setter -:- 665983804 –ö–ª–∏–µ–Ω—Ç –¥–æ–±–∞–≤–ª—è–µ—Ç—Å—è –≤ –ë–î
2023-06-09 00:35:16,715 -:- INFO -:- bot.data.commands.setter -:- 665983804 –ö–ª–∏–µ–Ω—Ç –æ—Ñ–æ—Ä–º–ª—è–µ—Ç –ü—Ä–æ–º–æ –ø–æ–¥–ø–∏—Å–∫—É
2023-06-09 00:39:22,302 -:- INFO -:- bot.data.commands.setter -:- 665983804 –ö–ª–∏–µ–Ω—Ç –¥–æ–±–∞–≤–ª—è–µ—Ç vk token
2023-06-09 00:41:23,855 -:- INFO -:- bot.data.commands.setter -:- 665983804 –ö–ª–∏–µ–Ω—Ç –¥–æ–±–∞–≤–ª—è–µ—Ç —Å–≤—è–∑—å TG –∫–∞–Ω–∞–ª –∏ VK –≥—Ä—É–ø–ø—É
2023-06-10 12:36:00,687 -:- INFO -:- bot.data.commands.setter -:- 1757918580 –ö–ª–∏–µ–Ω—Ç –¥–æ–±–∞–≤–ª—è–µ—Ç—Å—è –≤ –ë–î
2023-06-10 12:36:19,837 -:- INFO -:- bot.data.commands.setter -:- 1757918580 –ö–ª–∏–µ–Ω—Ç –æ—Ñ–æ—Ä–º–ª—è–µ—Ç –ü—Ä–æ–º–æ –ø–æ–¥–ø–∏—Å–∫—É
2023-06-11 00:39:26,111 -:- INFO -:- bot.data.commands.setter -:- 6144686579 –ö–ª–∏–µ–Ω—Ç –¥–æ–±–∞–≤–ª—è–µ—Ç—Å—è –≤ –ë–î
2023-06-11 00:39:41,389 -:- INFO -:- bot.data.commands.setter -:- 6144686579 –ö–ª–∏–µ–Ω—Ç –æ—Ñ–æ—Ä–º–ª—è–µ—Ç –ü—Ä–æ–º–æ –ø–æ–¥–ø–∏—Å–∫—É
2023-06-11 16:24:41,723 -:- INFO -:- bot.data.commands.setter -:- 5566384153 –ö–ª–∏–µ–Ω—Ç –¥–æ–±–∞–≤–ª—è–µ—Ç—Å—è –≤ –ë–î
2023-06-12 06:15:59,113 -:- INFO -:- bot.data.commands.setter -:- 350037682 –ö–ª–∏–µ–Ω—Ç –¥–æ–±–∞–≤–ª—è–µ—Ç—Å—è –≤ –ë–î
2023-06-12 06:16:07,946 -:- INFO -:- bot.data.commands.setter -:- 350037682 –ö–ª–∏–µ–Ω—Ç –æ—Ñ–æ—Ä–º–ª—è–µ—Ç –ü—Ä–æ–º–æ –ø–æ–¥–ø–∏—Å–∫—É
2023-06-13 18:00:33,333 -:- INFO -:- bot.data.commands.setter -:- 684235343 –ö–ª–∏–µ–Ω—Ç –¥–æ–±–∞–≤–ª—è–µ—Ç—Å—è –≤ –ë–î
2023-06-14 01:29:44,643 -:- INFO -:- bot.data.commands.setter -:- 1318116295 –ö–ª–∏–µ–Ω—Ç –¥–æ–±–∞–≤–ª—è–µ—Ç—Å—è –≤ –ë–î
2023-06-14 14:27:59,862 -:- INFO -:- bot.data.commands.setter -:- 409205647 –ö–ª–∏–µ–Ω—Ç –¥–æ–±–∞–≤–ª—è–µ—Ç—Å—è –≤ –ë–î
